<?xml version="1.0" encoding="UTF-8"?>
<!-- Generated by org.testng.reporters.JUnitReportReporter -->
<testsuite hostname="Yash" failures="0" tests="1" name="learningSelenium.DragAndDrop" time="15.029" errors="0" timestamp="2024-10-21T23:12:05 IST" skipped="0">
  <testcase classname="learningSelenium.DragAndDrop" name="dragDrop" time="15.029"/>
  <system-out/>
</testsuite> <!-- learningSelenium.DragAndDrop -->
