<?xml version="1.0" encoding="UTF-8"?>
<!-- Generated by org.testng.reporters.JUnitReportReporter -->
<testsuite hostname="Yash" failures="0" tests="2" name="learningSelenium.MultipleWindowTest" time="11.527" errors="0" timestamp="2024-10-30T14:10:33 IST" skipped="0">
  <testcase classname="learningSelenium.MultipleWindowTest" name="multipleWindows" time="10.190"/>
  <system-out/>
  <testcase classname="learningSelenium.MultipleWindowTest" name="multipleWindowsRedux" time="1.337"/>
  <system-out/>
</testsuite> <!-- learningSelenium.MultipleWindowTest -->
