<?xml version="1.0" encoding="UTF-8"?>
<!-- Generated by org.testng.reporters.JUnitReportReporter -->
<testsuite hostname="Yash" failures="0" tests="1" name="learningSelenium.Dropdown" time="9.754" errors="0" timestamp="2024-10-23T02:37:40 IST" skipped="0">
  <testcase classname="learningSelenium.Dropdown" name="handleDropdown" time="9.754"/>
  <system-out/>
</testsuite> <!-- learningSelenium.Dropdown -->
