<?xml version="1.0" encoding="UTF-8"?>
<!-- Generated by org.testng.reporters.JUnitReportReporter -->
<testsuite hostname="Yash" failures="0" tests="1" name="learningSelenium.AbTesting" time="8.121" errors="0" timestamp="2024-10-23T02:56:02 IST" skipped="0">
  <testcase classname="learningSelenium.AbTesting" name="testABTestingContent" time="8.121"/>
  <system-out/>
</testsuite> <!-- learningSelenium.AbTesting -->
