<?xml version="1.0" encoding="UTF-8"?>
<!-- Generated by org.testng.reporters.JUnitReportReporter -->
<testsuite hostname="Yash" failures="0" tests="1" name="ekSamajUnitTests.Login" time="8.049" errors="0" timestamp="2024-10-26T14:44:25 IST" skipped="0">
  <testcase classname="ekSamajUnitTests.Login" name="login" time="8.049"/>
  <system-out/>
</testsuite> <!-- ekSamajUnitTests.Login -->
