<?xml version="1.0" encoding="UTF-8"?>
<!-- Generated by org.testng.reporters.JUnitReportReporter -->
<testsuite hostname="Yash" failures="0" tests="1" name="learningSelenium.Hower" time="16.162" errors="0" timestamp="2024-10-21T23:35:19 IST" skipped="0">
  <testcase classname="learningSelenium.Hower" name="howerAction" time="16.162"/>
  <system-out/>
</testsuite> <!-- learningSelenium.Hower -->
