<?xml version="1.0" encoding="UTF-8"?>
<!-- Generated by org.testng.reporters.JUnitReportReporter -->
<testsuite hostname="Yash" failures="0" tests="1" name="learningSelenium.FacebookLogin" time="19.666" errors="0" timestamp="2024-11-14T13:26:52 IST" skipped="0">
  <testcase classname="learningSelenium.FacebookLogin" name="login" time="19.666"/>
  <system-out/>
</testsuite> <!-- learningSelenium.FacebookLogin -->
