<?xml version="1.0" encoding="UTF-8"?>
<!-- Generated by org.testng.reporters.JUnitReportReporter -->
<testsuite hostname="Yash" failures="0" tests="1" name="learningSelenium.Learn" time="4.315" errors="0" timestamp="2024-10-23T04:26:24 IST" skipped="0">
  <testcase classname="learningSelenium.Learn" name="InitializeBrowser" time="4.315"/>
  <system-out/>
</testsuite> <!-- learningSelenium.Learn -->
