<?xml version="1.0" encoding="UTF-8"?>
<!-- Generated by org.testng.reporters.JUnitReportReporter -->
<testsuite hostname="Yash" failures="0" tests="1" name="ekSamajUnitTests.CreateTemple" time="10.054" errors="0" timestamp="2024-10-26T15:34:08 IST" skipped="0">
  <testcase classname="ekSamajUnitTests.CreateTemple" name="createTemple" time="10.054"/>
  <system-out/>
</testsuite> <!-- ekSamajUnitTests.CreateTemple -->
