<?xml version="1.0" encoding="UTF-8"?>
<!-- Generated by org.testng.reporters.JUnitReportReporter -->
<testsuite hostname="Yash" failures="0" tests="1" name="learningSelenium.DynamicContent" time="53.712" errors="0" timestamp="2024-10-30T14:09:45 IST" skipped="0">
  <testcase classname="learningSelenium.DynamicContent" name="verifyDynamicContent" time="53.712"/>
  <system-out/>
</testsuite> <!-- learningSelenium.DynamicContent -->
