<?xml version="1.0" encoding="UTF-8"?>
<!-- Generated by org.testng.reporters.JUnitReportReporter -->
<testsuite hostname="Yash" failures="0" tests="1" name="learningSelenium.KeyPresses" time="13.307" errors="0" timestamp="2024-10-21T22:55:43 IST" skipped="0">
  <testcase classname="learningSelenium.KeyPresses" name="keypress" time="13.307"/>
  <system-out/>
</testsuite> <!-- learningSelenium.KeyPresses -->
